<?xml version="1.0" encoding="UTF-8"?>
<testsuite xmlns:xsi="http://www.w3.org/2001/XMLSchema-instance" xsi:noNamespaceSchemaLocation="https://maven.apache.org/surefire/maven-surefire-plugin/xsd/surefire-test-report.xsd" name="ba.unsa.etf.rpr.KuharTest" time="0.005" tests="11" errors="0" skipped="0" failures="0">
  <properties>
    <property name="java.specification.version" value="13"/>
    <property name="sun.management.compiler" value="HotSpot 64-Bit Tiered Compilers"/>
    <property name="sun.jnu.encoding" value="UTF-8"/>
    <property name="java.runtime.version" value="13.0.4+8-Ubuntu-120.04"/>
    <property name="java.class.path" value="/home/vedran/.m2/repository/org/apache/maven/surefire/surefire-booter/2.22.1/surefire-booter-2.22.1.jar:/home/vedran/.m2/repository/org/apache/maven/surefire/surefire-api/2.22.1/surefire-api-2.22.1.jar:/home/vedran/.m2/repository/org/apache/maven/surefire/surefire-logger-api/2.22.1/surefire-logger-api-2.22.1.jar:/home/vedran/IdeaProjects/RPR/2020-21/ispiti/rpr20-1parc-2t-rjesenje/target/test-classes:/home/vedran/IdeaProjects/RPR/2020-21/ispiti/rpr20-1parc-2t-rjesenje/target/classes:/home/vedran/.m2/repository/org/junit/jupiter/junit-jupiter-api/5.5.2/junit-jupiter-api-5.5.2.jar:/home/vedran/.m2/repository/org/apiguardian/apiguardian-api/1.1.0/apiguardian-api-1.1.0.jar:/home/vedran/.m2/repository/org/opentest4j/opentest4j/1.2.0/opentest4j-1.2.0.jar:/home/vedran/.m2/repository/org/junit/platform/junit-platform-commons/1.5.2/junit-platform-commons-1.5.2.jar:/home/vedran/.m2/repository/org/junit/jupiter/junit-jupiter-engine/5.5.2/junit-jupiter-engine-5.5.2.jar:/home/vedran/.m2/repository/org/junit/platform/junit-platform-engine/1.5.2/junit-platform-engine-1.5.2.jar:/home/vedran/.m2/repository/org/apache/maven/surefire/surefire-junit-platform/2.22.1/surefire-junit-platform-2.22.1.jar:/home/vedran/.m2/repository/org/junit/platform/junit-platform-launcher/1.3.1/junit-platform-launcher-1.3.1.jar"/>
    <property name="user.name" value="vedran"/>
    <property name="java.vm.vendor" value="Private Build"/>
    <property name="path.separator" value=":"/>
    <property name="sun.arch.data.model" value="64"/>
    <property name="os.version" value="5.4.0-64-generic"/>
    <property name="java.runtime.name" value="OpenJDK Runtime Environment"/>
    <property name="file.encoding" value="UTF-8"/>
    <property name="java.vendor.url" value="Unknown"/>
    <property name="java.vm.name" value="OpenJDK 64-Bit Server VM"/>
    <property name="java.vm.specification.version" value="13"/>
    <property name="os.name" value="Linux"/>
    <property name="sun.java.launcher" value="SUN_STANDARD"/>
    <property name="user.country" value="US"/>
    <property name="localRepository" value="/home/vedran/.m2/repository"/>
    <property name="sun.boot.library.path" value="/usr/lib/jvm/java-13-openjdk-amd64/lib"/>
    <property name="sun.java.command" value="org.apache.maven.surefire.booter.ForkedBooter /home/vedran/IdeaProjects/RPR/2020-21/ispiti/rpr20-1parc-2t-rjesenje/target/surefire 2021-02-05T14-11-08_278-jvmRun1 surefire9938228990473076327tmp surefire_013548705220790639055tmp"/>
    <property name="java.vendor.url.bug" value="Unknown"/>
    <property name="java.io.tmpdir" value="/tmp"/>
    <property name="jdk.debug" value="release"/>
    <property name="surefire.test.class.path" value="/home/vedran/IdeaProjects/RPR/2020-21/ispiti/rpr20-1parc-2t-rjesenje/target/test-classes:/home/vedran/IdeaProjects/RPR/2020-21/ispiti/rpr20-1parc-2t-rjesenje/target/classes:/home/vedran/.m2/repository/org/junit/jupiter/junit-jupiter-api/5.5.2/junit-jupiter-api-5.5.2.jar:/home/vedran/.m2/repository/org/apiguardian/apiguardian-api/1.1.0/apiguardian-api-1.1.0.jar:/home/vedran/.m2/repository/org/opentest4j/opentest4j/1.2.0/opentest4j-1.2.0.jar:/home/vedran/.m2/repository/org/junit/platform/junit-platform-commons/1.5.2/junit-platform-commons-1.5.2.jar:/home/vedran/.m2/repository/org/junit/jupiter/junit-jupiter-engine/5.5.2/junit-jupiter-engine-5.5.2.jar:/home/vedran/.m2/repository/org/junit/platform/junit-platform-engine/1.5.2/junit-platform-engine-1.5.2.jar:"/>
    <property name="sun.cpu.endian" value="little"/>
    <property name="java.version" value="13.0.4"/>
    <property name="user.home" value="/home/vedran"/>
    <property name="user.dir" value="/home/vedran/IdeaProjects/RPR/2020-21/ispiti/rpr20-1parc-2t-rjesenje"/>
    <property name="os.arch" value="amd64"/>
    <property name="user.language" value="en"/>
    <property name="java.specification.vendor" value="Oracle Corporation"/>
    <property name="java.vm.specification.name" value="Java Virtual Machine Specification"/>
    <property name="java.version.date" value="2020-07-14"/>
    <property name="java.home" value="/usr/lib/jvm/java-13-openjdk-amd64"/>
    <property name="file.separator" value="/"/>
    <property name="basedir" value="/home/vedran/IdeaProjects/RPR/2020-21/ispiti/rpr20-1parc-2t-rjesenje"/>
    <property name="java.vm.compressedOopsMode" value="Zero based"/>
    <property name="line.separator" value="&#10;"/>
    <property name="java.library.path" value="/usr/java/packages/lib:/usr/lib/x86_64-linux-gnu/jni:/lib/x86_64-linux-gnu:/usr/lib/x86_64-linux-gnu:/usr/lib/jni:/lib:/usr/lib"/>
    <property name="java.vm.info" value="mixed mode"/>
    <property name="java.vm.specification.vendor" value="Oracle Corporation"/>
    <property name="java.specification.name" value="Java Platform API Specification"/>
    <property name="java.vendor" value="Private Build"/>
    <property name="java.vm.version" value="13.0.4+8-Ubuntu-120.04"/>
    <property name="sun.io.unicode.encoding" value="UnicodeLittle"/>
    <property name="java.class.version" value="57.0"/>
  </properties>
  <testcase name="brojRecepataTest" classname="ba.unsa.etf.rpr.KuharTest" time="0"/>
  <testcase name="filtrirajTest" classname="ba.unsa.etf.rpr.KuharTest" time="0"/>
  <testcase name="receptiSaSastojkomTest2" classname="ba.unsa.etf.rpr.KuharTest" time="0"/>
  <testcase name="sviSastojciTest2" classname="ba.unsa.etf.rpr.KuharTest" time="0.001"/>
  <testcase name="sviSastojciTest" classname="ba.unsa.etf.rpr.KuharTest" time="0.003"/>
  <testcase name="dajReceptNullTest" classname="ba.unsa.etf.rpr.KuharTest" time="0"/>
  <testcase name="filtrirajTest2" classname="ba.unsa.etf.rpr.KuharTest" time="0"/>
  <testcase name="dajReceptTest" classname="ba.unsa.etf.rpr.KuharTest" time="0"/>
  <testcase name="dodajReceptTest" classname="ba.unsa.etf.rpr.KuharTest" time="0"/>
  <testcase name="receptiSaSastojkomTest" classname="ba.unsa.etf.rpr.KuharTest" time="0"/>
  <testcase name="prazanKuhar" classname="ba.unsa.etf.rpr.KuharTest" time="0"/>
</testsuite>